{"logTime": "1127/054644", "correlationVector":"b8/QSz5kXflMIZPkd8Uprp.0","action":"AAD.AddCommitKey", "result":"Fail", "context":"MIP service disabled"}
{"logTime": "1127/132431", "correlationVector":"AajKXeGZVY9PELvhqOOcTm.0","action":"FeedSettingFetch_homeCloud", "result":"0", "context":"{}"}
{"logTime": "1127/132431", "correlationVector":"OExA89xiPWVzdQ5IjVyKsy.1","action":"SyncServerConnectionManagerRequest", "result":"SYNC_SERVER_OK", "context":"{"environment":"48F630A6-CB1B-4CC7-86AF-0F6627234B58|113", "server":"HK2PEPF000034AB"}"}
{"logTime": "1127/132431", "correlationVector":"OExA89xiPWVzdQ5IjVyKsy.2","action":"AAD.GetKeyResponse", "result":"Fail", "context":"Keys=0.LastKeyStatus=Empty.State=Pending.NewKey was pending"}
{"logTime": "1127/132431", "correlationVector":"OExA89xiPWVzdQ5IjVyKsy","action":"Initial GetUpdates", "result":""}
{"logTime": "1127/132431", "correlationVector":"OExA89xiPWVzdQ5IjVyKsy.3","action":"GetUpdates Response", "result":"SYNCER_OK"}
{"logTime": "1127/132431", "correlationVector":"hcX5+SQABCkDSA8xebsS7O","action":"Initial GetUpdates", "result":""}
{"logTime": "1127/132431", "correlationVector":"hcX5+SQABCkDSA8xebsS7O.1","action":"SyncServerConnectionManagerRequest", "result":"SYNC_SERVER_OK", "context":"{"environment":"48F630A6-CB1B-4CC7-86AF-0F6627234B58|113", "server":"HK2PEPF000034AB"}"}
{"logTime": "1127/132431", "correlationVector":"hcX5+SQABCkDSA8xebsS7O.2","action":"AAD.GetKeyResponse", "result":"Fail", "context":"Keys=0.LastKeyStatus=Empty.State=Pending.NewKey was pending"}
{"logTime": "1127/132431", "correlationVector":"hcX5+SQABCkDSA8xebsS7O.3","action":"GetUpdates Response", "result":"SYNCER_OK"}
{"logTime": "1127/132431", "correlationVector":"+zFCLO/cwc0J+gTxCOxINY","action":"Normal GetUpdate request", "result":""}
{"logTime": "1127/132431", "correlationVector":"+zFCLO/cwc0J+gTxCOxINY.1","action":"SyncServerConnectionManagerRequest", "result":"SYNC_SERVER_OK", "context":"{"environment":"48F630A6-CB1B-4CC7-86AF-0F6627234B58|113", "server":"HK2PEPF000034AB"}"}
{"logTime": "1127/132431", "correlationVector":"+zFCLO/cwc0J+gTxCOxINY.2","action":"AAD.GetKeyResponse", "result":"Fail", "context":"Keys=0.LastKeyStatus=Empty.State=Pending.NewKey was pending"}
{"logTime": "1127/132431", "correlationVector":"+zFCLO/cwc0J+gTxCOxINY.3","action":"GetUpdates Response", "result":"SYNCER_OK"}
{"logTime": "1127/132431", "correlationVector":"GD1O50dHvp+r3BgGbiULEw","action":"AAD.AddCommitKey", "result":"Fail", "context":"Miss NewKey"}
{"logTime": "1127/132450", "correlationVector":"P85Oyog2ZkVd+KnFCKh/T+","action":"Normal GetUpdate request", "result":""}
{"logTime": "1127/132451", "correlationVector":"P85Oyog2ZkVd+KnFCKh/T+.1","action":"SyncServerConnectionManagerRequest", "result":"SYNC_SERVER_OK", "context":"{"environment":"48F630A6-CB1B-4CC7-86AF-0F6627234B58|113", "server":"HK2PEPF000034AB"}"}
{"logTime": "1127/132452", "correlationVector":"P85Oyog2ZkVd+KnFCKh/T+.2","action":"AAD.GetKeyResponse", "result":"Fail", "context":"Keys=0.LastKeyStatus=Empty.State=Pending.NewKey was pending"}
{"logTime": "1127/132453", "correlationVector":"P85Oyog2ZkVd+KnFCKh/T+.3","action":"GetUpdates Response", "result":"SYNCER_OK"}
{"logTime": "1127/142906", "correlationVector":"bGhFV2kKfuK1h64EIf01b0.0","action":"FeedSettingFetch_homeCloud", "result":"0", "context":"{}"}
{"logTime": "1127/142906", "correlationVector":"DOKm+P7kGmE/M9R9AcExkM.1","action":"SyncServerConnectionManagerRequest", "result":"SYNC_SERVER_OK", "context":"{"environment":"48F630A6-CB1B-4CC7-86AF-0F6627234B58|113", "server":"HK2PEPF0000563E"}"}
{"logTime": "1127/142906", "correlationVector":"DOKm+P7kGmE/M9R9AcExkM","action":"Initial GetUpdates", "result":""}
{"logTime": "1127/142906", "correlationVector":"DOKm+P7kGmE/M9R9AcExkM.2","action":"GetUpdates Response", "result":"SYNCER_OK"}
{"logTime": "1127/142906", "correlationVector":"RrE11aFZ74SYGNsxJHURkz","action":"Normal GetUpdate request", "result":""}
{"logTime": "1127/142906", "correlationVector":"RrE11aFZ74SYGNsxJHURkz.1","action":"SyncServerConnectionManagerRequest", "result":"SYNC_SERVER_OK", "context":"{"environment":"48F630A6-CB1B-4CC7-86AF-0F6627234B58|113", "server":"HK2PEPF0000563E"}"}
{"logTime": "1127/142906", "correlationVector":"RrE11aFZ74SYGNsxJHURkz.2","action":"GetUpdates Response", "result":"SYNCER_OK"}
{"logTime": "1127/142906", "correlationVector":"GNLwZ+25o0qTHpUenbwWK0","action":"AAD.AddCommitKey", "result":"Fail", "context":"Miss access token"}
{"logTime": "1127/142906", "correlationVector":"G3vI0fHB4Hp+fLQYHkN73Z","action":"Normal GetUpdate request", "result":""}
{"logTime": "1127/142906", "correlationVector":"G3vI0fHB4Hp+fLQYHkN73Z.1","action":"SyncServerConnectionManagerRequest", "result":"SYNC_SERVER_OK", "context":"{"environment":"48F630A6-CB1B-4CC7-86AF-0F6627234B58|113", "server":"HK2PEPF0000563E"}"}
{"logTime": "1127/142906", "correlationVector":"G3vI0fHB4Hp+fLQYHkN73Z.2","action":"AAD.GetKeyResponse", "result":"Fail", "context":"Keys=0.LastKeyStatus=Empty.State=Pending.NewKey was pending"}
{"logTime": "1127/142906", "correlationVector":"G3vI0fHB4Hp+fLQYHkN73Z.3","action":"GetUpdates Response", "result":"SYNCER_OK"}
{"logTime": "1127/150703", "correlationVector":"4K/2NGzQjh2sD8KjLhFAVB.0","action":"FeedSettingFetch_homeCloud", "result":"0", "context":"{}"}
{"logTime": "1127/150703", "correlationVector":"FPWQunmCLxqGIPiON6p2Ve.1","action":"SyncServerConnectionManagerRequest", "result":"SYNC_SERVER_OK", "context":"{"environment":"48F630A6-CB1B-4CC7-86AF-0F6627234B58|113", "server":"HK2PEPF0000563D"}"}
{"logTime": "1127/150703", "correlationVector":"FPWQunmCLxqGIPiON6p2Ve.2","action":"AAD.GetKeyResponse", "result":"Fail", "context":"Keys=0.LastKeyStatus=Empty.State=Pending.NewKey was pending"}
{"logTime": "1127/150703", "correlationVector":"FPWQunmCLxqGIPiON6p2Ve","action":"Initial GetUpdates", "result":""}
{"logTime": "1127/150703", "correlationVector":"FPWQunmCLxqGIPiON6p2Ve.3","action":"GetUpdates Response", "result":"SYNCER_OK"}
{"logTime": "1127/150703", "correlationVector":"7LEfii/2sfjZ7vNWzG9RwC","action":"Normal GetUpdate request", "result":""}
{"logTime": "1127/150703", "correlationVector":"7LEfii/2sfjZ7vNWzG9RwC.1","action":"SyncServerConnectionManagerRequest", "result":"SYNC_SERVER_OK", "context":"{"environment":"48F630A6-CB1B-4CC7-86AF-0F6627234B58|113", "server":"HK2PEPF0000563D"}"}
{"logTime": "1127/150703", "correlationVector":"7LEfii/2sfjZ7vNWzG9RwC.2","action":"AAD.GetKeyResponse", "result":"Fail", "context":"Keys=0.LastKeyStatus=Empty.State=Pending.NewKey was pending"}
{"logTime": "1127/150703", "correlationVector":"7LEfii/2sfjZ7vNWzG9RwC.3","action":"GetUpdates Response", "result":"SYNCER_OK"}
{"logTime": "1127/150703", "correlationVector":"f+Wp4tCevS1o2PawveVTkX","action":"AAD.AddCommitKey", "result":"Fail", "context":"Miss NewKey"}
{"logTime": "1127/150747", "correlationVector":"z1W77eUgeAIBpqKjz3U/sy","action":"Normal GetUpdate request", "result":""}
{"logTime": "1127/150747", "correlationVector":"z1W77eUgeAIBpqKjz3U/sy.1","action":"SyncServerConnectionManagerRequest", "result":"SYNC_SERVER_OK", "context":"{"environment":"48F630A6-CB1B-4CC7-86AF-0F6627234B58|113", "server":"HK2PEPF0000563D"}"}
{"logTime": "1127/150747", "correlationVector":"z1W77eUgeAIBpqKjz3U/sy.2","action":"AAD.GetKeyResponse", "result":"Fail", "context":"Keys=0.LastKeyStatus=Empty.State=Pending.NewKey was pending"}
{"logTime": "1127/150747", "correlationVector":"z1W77eUgeAIBpqKjz3U/sy.3","action":"GetUpdates Response", "result":"SYNCER_OK"}
{"logTime": "1127/171107", "correlationVector":"EoxmTQCb2qhODNqnWBihiz.0","action":"FeedSettingFetch_homeCloud", "result":"0", "context":"{}"}
{"logTime": "1127/171107", "correlationVector":"r5ZHzurBLNonvLqsIXstZO.1","action":"SyncServerConnectionManagerRequest", "result":"SYNC_SERVER_OK", "context":"{"environment":"48F630A6-CB1B-4CC7-86AF-0F6627234B58|113", "server":"SG2PEPF0000618F"}"}
{"logTime": "1127/171107", "correlationVector":"r5ZHzurBLNonvLqsIXstZO.2","action":"AAD.GetKeyResponse", "result":"Fail", "context":"Keys=0.LastKeyStatus=Empty.State=Pending.NewKey was pending"}
{"logTime": "1127/171107", "correlationVector":"r5ZHzurBLNonvLqsIXstZO","action":"Initial GetUpdates", "result":""}
{"logTime": "1127/171107", "correlationVector":"r5ZHzurBLNonvLqsIXstZO.3","action":"GetUpdates Response", "result":"SYNCER_OK"}
{"logTime": "1127/171107", "correlationVector":"vEdqWVLNYC+R6hjhLuQLJu","action":"Normal GetUpdate request", "result":""}
{"logTime": "1127/171107", "correlationVector":"vEdqWVLNYC+R6hjhLuQLJu.1","action":"SyncServerConnectionManagerRequest", "result":"SYNC_SERVER_OK", "context":"{"environment":"48F630A6-CB1B-4CC7-86AF-0F6627234B58|113", "server":"SG2PEPF0000618F"}"}
{"logTime": "1127/171107", "correlationVector":"vEdqWVLNYC+R6hjhLuQLJu.2","action":"AAD.GetKeyResponse", "result":"Fail", "context":"Keys=0.LastKeyStatus=Empty.State=Pending.NewKey was pending"}
{"logTime": "1127/171107", "correlationVector":"vEdqWVLNYC+R6hjhLuQLJu.3","action":"GetUpdates Response", "result":"SYNCER_OK"}
{"logTime": "1127/171107", "correlationVector":"YdEGKBWWfRd4TNcY9a/2zC","action":"AAD.AddCommitKey", "result":"Fail", "context":"Miss NewKey"}
{"logTime": "1127/171221", "correlationVector":"qX+FdKtvL12VamGk+u6wyn","action":"Normal GetUpdate request", "result":""}
{"logTime": "1127/171222", "correlationVector":"qX+FdKtvL12VamGk+u6wyn.1","action":"SyncServerConnectionManagerRequest", "result":"SYNC_SERVER_OK", "context":"{"environment":"48F630A6-CB1B-4CC7-86AF-0F6627234B58|113", "server":"SG2PEPF0000618F"}"}
{"logTime": "1127/171222", "correlationVector":"qX+FdKtvL12VamGk+u6wyn.2","action":"AAD.GetKeyResponse", "result":"Fail", "context":"Keys=0.LastKeyStatus=Empty.State=Pending.NewKey was pending"}
{"logTime": "1127/171222", "correlationVector":"qX+FdKtvL12VamGk+u6wyn.3","action":"GetUpdates Response", "result":"SYNCER_OK"}
{"logTime": "1128/043852", "correlationVector":"iLnWDVY3FGxZ9J5f+eikHV.0","action":"FeedSettingFetch_homeCloud", "result":"0", "context":"{}"}
{"logTime": "1128/043852", "correlationVector":"ncL2AU/f0eTET83WqYdA3d.1","action":"SyncServerConnectionManagerRequest", "result":"SYNC_SERVER_OK", "context":"{"environment":"48F630A6-CB1B-4CC7-86AF-0F6627234B58|113", "server":"HK2PEPF000034B5"}"}
{"logTime": "1128/043852", "correlationVector":"ncL2AU/f0eTET83WqYdA3d.2","action":"AAD.GetKeyResponse", "result":"Fail", "context":"Keys=0.LastKeyStatus=Empty.State=Pending.NewKey was pending"}
{"logTime": "1128/043852", "correlationVector":"ncL2AU/f0eTET83WqYdA3d","action":"Initial GetUpdates", "result":""}
{"logTime": "1128/043852", "correlationVector":"ncL2AU/f0eTET83WqYdA3d.3","action":"GetUpdates Response", "result":"SYNCER_OK"}
{"logTime": "1128/043852", "correlationVector":"Z4w5gEHx2xZ5vZk6xl+HFk","action":"Normal GetUpdate request", "result":""}
{"logTime": "1128/043852", "correlationVector":"Z4w5gEHx2xZ5vZk6xl+HFk.1","action":"SyncServerConnectionManagerRequest", "result":"SYNC_SERVER_OK", "context":"{"environment":"48F630A6-CB1B-4CC7-86AF-0F6627234B58|113", "server":"HK2PEPF000034B5"}"}
{"logTime": "1128/043852", "correlationVector":"Z4w5gEHx2xZ5vZk6xl+HFk.2","action":"AAD.GetKeyResponse", "result":"Fail", "context":"Keys=0.LastKeyStatus=Empty.State=Pending.NewKey was pending"}
{"logTime": "1128/043852", "correlationVector":"Z4w5gEHx2xZ5vZk6xl+HFk.3","action":"GetUpdates Response", "result":"SYNCER_OK"}
{"logTime": "1128/043852", "correlationVector":"QRijYD37vlHuYKQs6Lmy4P","action":"AAD.AddCommitKey", "result":"Fail", "context":"Miss NewKey"}
{"logTime": "1128/043918", "correlationVector":"azPYbeaPm2MR7HwtYee25l","action":"Normal GetUpdate request", "result":""}
{"logTime": "1128/043922", "correlationVector":"azPYbeaPm2MR7HwtYee25l","action":"SyncServerConnectionManagerRequest", "result":"CONNECTION_UNAVAILABLE", "context":"{"error_type":"net_error_code", "error_value":"-21"}"}
{"logTime": "1128/043922", "correlationVector":"R8hFYpqAocz7uyRGOuCd7y.0","action":"GetUpdates Response", "result":"NETWORK_ERROR_TRANSPORT (ERR_NETWORK_CHANGED)"}
{"logTime": "1128/043924", "correlationVector":"ZsKKvX2Aegm/C+dcPVeRXH","action":"Normal GetUpdate request", "result":""}
{"logTime": "1128/043924", "correlationVector":"ZsKKvX2Aegm/C+dcPVeRXH","action":"SyncServerConnectionManagerRequest", "result":"CONNECTION_UNAVAILABLE", "context":"{"error_type":"net_error_code", "error_value":"-105"}"}
{"logTime": "1128/043924", "correlationVector":"AJcOwgcCyX6iBgl8clNX2L.0","action":"GetUpdates Response", "result":"NETWORK_ERROR_TRANSPORT (ERR_NAME_NOT_RESOLVED)"}
{"logTime": "1128/043929", "correlationVector":"JTG30A/gOkyLG3ty9kKt9A","action":"Normal GetUpdate request", "result":""}
{"logTime": "1128/043930", "correlationVector":"JTG30A/gOkyLG3ty9kKt9A","action":"SyncServerConnectionManagerRequest", "result":"CONNECTION_UNAVAILABLE", "context":"{"error_type":"net_error_code", "error_value":"-21"}"}
{"logTime": "1128/043930", "correlationVector":"pFGRU4PM8eQ8G2BBELFuP5.0","action":"GetUpdates Response", "result":"NETWORK_ERROR_TRANSPORT (ERR_NETWORK_CHANGED)"}
{"logTime": "1128/043932", "correlationVector":"WJUGxQIUD25Zj+bzPG7+Rn","action":"Normal GetUpdate request", "result":""}
{"logTime": "1128/043934", "correlationVector":"WJUGxQIUD25Zj+bzPG7+Rn.1","action":"SyncServerConnectionManagerRequest", "result":"SYNC_SERVER_OK", "context":"{"environment":"48F630A6-CB1B-4CC7-86AF-0F6627234B58|113", "server":"HK2PEPF000034AB"}"}
{"logTime": "1128/043934", "correlationVector":"WJUGxQIUD25Zj+bzPG7+Rn.2","action":"AAD.GetKeyResponse", "result":"Fail", "context":"Keys=0.LastKeyStatus=Empty.State=Pending.NewKey was pending"}
{"logTime": "1128/043934", "correlationVector":"WJUGxQIUD25Zj+bzPG7+Rn.3","action":"GetUpdates Response", "result":"SYNCER_OK"}
{"logTime": "1128/044033", "correlationVector":"I3SS5OO4TJHleI/Rz0+RNF","action":"Poll GetUpdate request", "result":""}
{"logTime": "1128/044034", "correlationVector":"I3SS5OO4TJHleI/Rz0+RNF.1","action":"SyncServerConnectionManagerRequest", "result":"SYNC_SERVER_OK", "context":"{"environment":"48F630A6-CB1B-4CC7-86AF-0F6627234B58|113", "server":"HK2PEPF000034B2"}"}
{"logTime": "1128/044034", "correlationVector":"I3SS5OO4TJHleI/Rz0+RNF.2","action":"AAD.GetKeyResponse", "result":"Fail", "context":"Keys=0.LastKeyStatus=Empty.State=Pending.NewKey was pending"}
{"logTime": "1128/044034", "correlationVector":"I3SS5OO4TJHleI/Rz0+RNF.3","action":"GetUpdates Response", "result":"SYNCER_OK"}
{"logTime": "1128/055128", "correlationVector":"ovnfzT1GPIfzu9qolTxq/h.0","action":"FeedSettingFetch_homeCloud", "result":"0", "context":"{}"}
{"logTime": "1128/055131", "correlationVector":"TIj+6+6xjBjUP/IkDwwHlO.1","action":"SyncServerConnectionManagerRequest", "result":"SYNC_SERVER_OK", "context":"{"environment":"48F630A6-CB1B-4CC7-86AF-0F6627234B58|113", "server":"HK2PEPF0000563D"}"}
{"logTime": "1128/055131", "correlationVector":"TIj+6+6xjBjUP/IkDwwHlO.2","action":"AAD.GetKeyResponse", "result":"Fail", "context":"Keys=0.LastKeyStatus=Empty.State=Pending.NewKey was pending"}
{"logTime": "1128/055131", "correlationVector":"TIj+6+6xjBjUP/IkDwwHlO","action":"Initial GetUpdates", "result":""}
{"logTime": "1128/055131", "correlationVector":"TIj+6+6xjBjUP/IkDwwHlO.3","action":"GetUpdates Response", "result":"SYNCER_OK"}
{"logTime": "1128/055131", "correlationVector":"DwNEwXdWzlHS+LEdeq54Ej","action":"Normal GetUpdate request", "result":""}
{"logTime": "1128/055132", "correlationVector":"DwNEwXdWzlHS+LEdeq54Ej.1","action":"SyncServerConnectionManagerRequest", "result":"SYNC_SERVER_OK", "context":"{"environment":"48F630A6-CB1B-4CC7-86AF-0F6627234B58|113", "server":"HK2PEPF0000563D"}"}
{"logTime": "1128/055132", "correlationVector":"DwNEwXdWzlHS+LEdeq54Ej.2","action":"AAD.GetKeyResponse", "result":"Fail", "context":"Keys=0.LastKeyStatus=Empty.State=Pending.NewKey was pending"}
{"logTime": "1128/055132", "correlationVector":"DwNEwXdWzlHS+LEdeq54Ej.3","action":"GetUpdates Response", "result":"SYNCER_OK"}
{"logTime": "1128/055132", "correlationVector":"MIRxwhHTKe8fqVLD6iwuKX","action":"AAD.AddCommitKey", "result":"Fail", "context":"Miss NewKey"}
{"logTime": "1128/055247", "correlationVector":"uijwSeLiekpY7ElqoalfRY","action":"Normal GetUpdate request", "result":""}
{"logTime": "1128/055247", "correlationVector":"uijwSeLiekpY7ElqoalfRY.1","action":"SyncServerConnectionManagerRequest", "result":"SYNC_SERVER_OK", "context":"{"environment":"48F630A6-CB1B-4CC7-86AF-0F6627234B58|113", "server":"HK2PEPF0000563D"}"}
{"logTime": "1128/055247", "correlationVector":"uijwSeLiekpY7ElqoalfRY.2","action":"AAD.GetKeyResponse", "result":"Fail", "context":"Keys=0.LastKeyStatus=Empty.State=Pending.NewKey was pending"}
{"logTime": "1128/055247", "correlationVector":"uijwSeLiekpY7ElqoalfRY.3","action":"GetUpdates Response", "result":"SYNCER_OK"}
{"logTime": "1128/060004", "correlationVector":"MA0tcold9VUK3wiiz0i+0s.0","action":"FeedSettingFetch_homeCloud", "result":"0", "context":"{}"}
{"logTime": "1128/060005", "correlationVector":"mVL5UuTDhC7npCZZmQgRdk.1","action":"SyncServerConnectionManagerRequest", "result":"SYNC_SERVER_OK", "context":"{"environment":"48F630A6-CB1B-4CC7-86AF-0F6627234B58|113", "server":"HK2PEPF000034B1"}"}
{"logTime": "1128/060005", "correlationVector":"mVL5UuTDhC7npCZZmQgRdk.2","action":"AAD.GetKeyResponse", "result":"Fail", "context":"Keys=0.LastKeyStatus=Empty.State=Pending.NewKey was pending"}
{"logTime": "1128/060005", "correlationVector":"mVL5UuTDhC7npCZZmQgRdk","action":"Initial GetUpdates", "result":""}
{"logTime": "1128/060005", "correlationVector":"mVL5UuTDhC7npCZZmQgRdk.3","action":"GetUpdates Response", "result":"SYNCER_OK"}
{"logTime": "1128/060005", "correlationVector":"gMPBEUcwGK7jifCnFWntel","action":"Normal GetUpdate request", "result":""}
{"logTime": "1128/060005", "correlationVector":"gMPBEUcwGK7jifCnFWntel.1","action":"SyncServerConnectionManagerRequest", "result":"SYNC_SERVER_OK", "context":"{"environment":"48F630A6-CB1B-4CC7-86AF-0F6627234B58|113", "server":"HK2PEPF000034B1"}"}
{"logTime": "1128/060005", "correlationVector":"gMPBEUcwGK7jifCnFWntel.2","action":"AAD.GetKeyResponse", "result":"Fail", "context":"Keys=0.LastKeyStatus=Empty.State=Pending.NewKey was pending"}
{"logTime": "1128/060005", "correlationVector":"gMPBEUcwGK7jifCnFWntel.3","action":"GetUpdates Response", "result":"SYNCER_OK"}
{"logTime": "1128/060005", "correlationVector":"uuyAbAZd5jeiqZzi+ua7RP","action":"AAD.AddCommitKey", "result":"Fail", "context":"Miss NewKey"}
{"logTime": "1128/060116", "correlationVector":"oao1r85gokG5x/QGIxnRTh","action":"Normal GetUpdate request", "result":""}
{"logTime": "1128/060116", "correlationVector":"oao1r85gokG5x/QGIxnRTh.1","action":"SyncServerConnectionManagerRequest", "result":"SYNC_SERVER_OK", "context":"{"environment":"48F630A6-CB1B-4CC7-86AF-0F6627234B58|113", "server":"HK2PEPF000034B1"}"}
{"logTime": "1128/060116", "correlationVector":"oao1r85gokG5x/QGIxnRTh.2","action":"AAD.GetKeyResponse", "result":"Fail", "context":"Keys=0.LastKeyStatus=Empty.State=Pending.NewKey was pending"}
{"logTime": "1128/060116", "correlationVector":"oao1r85gokG5x/QGIxnRTh.3","action":"GetUpdates Response", "result":"SYNCER_OK"}
{"logTime": "1128/060746", "correlationVector":"IRm4J76LsRtvhnEbuG8xxx.0","action":"FeedSettingFetch_homeCloud", "result":"0", "context":"{}"}
{"logTime": "1128/060746", "correlationVector":"6RVTmuC6fpgRRyHG1NI56E.1","action":"SyncServerConnectionManagerRequest", "result":"SYNC_SERVER_OK", "context":"{"environment":"48F630A6-CB1B-4CC7-86AF-0F6627234B58|113", "server":"HK2PEPF000034B2"}"}
{"logTime": "1128/060746", "correlationVector":"6RVTmuC6fpgRRyHG1NI56E.2","action":"AAD.GetKeyResponse", "result":"Fail", "context":"Keys=0.LastKeyStatus=Empty.State=Pending.NewKey was pending"}
{"logTime": "1128/060746", "correlationVector":"6RVTmuC6fpgRRyHG1NI56E","action":"Initial GetUpdates", "result":""}
{"logTime": "1128/060746", "correlationVector":"6RVTmuC6fpgRRyHG1NI56E.3","action":"GetUpdates Response", "result":"SYNCER_OK"}
{"logTime": "1128/060746", "correlationVector":"LxxG/gmjz9N3iLsG0DIGm6","action":"Normal GetUpdate request", "result":""}
{"logTime": "1128/060746", "correlationVector":"LxxG/gmjz9N3iLsG0DIGm6.1","action":"SyncServerConnectionManagerRequest", "result":"SYNC_SERVER_OK", "context":"{"environment":"48F630A6-CB1B-4CC7-86AF-0F6627234B58|113", "server":"HK2PEPF000034B2"}"}
{"logTime": "1128/060746", "correlationVector":"LxxG/gmjz9N3iLsG0DIGm6.2","action":"AAD.GetKeyResponse", "result":"Fail", "context":"Keys=0.LastKeyStatus=Empty.State=Pending.NewKey was pending"}
{"logTime": "1128/060746", "correlationVector":"LxxG/gmjz9N3iLsG0DIGm6.3","action":"GetUpdates Response", "result":"SYNCER_OK"}
{"logTime": "1128/060747", "correlationVector":"tm17Ja7JZmkM0AVF3RPvdA","action":"AAD.AddCommitKey", "result":"Fail", "context":"Miss NewKey"}
{"logTime": "1128/060859", "correlationVector":"7L7VMRO7pkR9UIZTA/eW7f","action":"Normal GetUpdate request", "result":""}
{"logTime": "1128/060859", "correlationVector":"7L7VMRO7pkR9UIZTA/eW7f.1","action":"SyncServerConnectionManagerRequest", "result":"SYNC_SERVER_OK", "context":"{"environment":"48F630A6-CB1B-4CC7-86AF-0F6627234B58|113", "server":"HK2PEPF000034B2"}"}
{"logTime": "1128/060859", "correlationVector":"7L7VMRO7pkR9UIZTA/eW7f.2","action":"AAD.GetKeyResponse", "result":"Fail", "context":"Keys=0.LastKeyStatus=Empty.State=Pending.NewKey was pending"}
{"logTime": "1128/060859", "correlationVector":"7L7VMRO7pkR9UIZTA/eW7f.3","action":"GetUpdates Response", "result":"SYNCER_OK"}
{"logTime": "1128/064154", "correlationVector":"nEVLAB2VQbqntVoOfgT5kB.0","action":"FeedSettingFetch_homeCloud", "result":"0", "context":"{}"}
{"logTime": "1128/064154", "correlationVector":"f1k9SIqde+QL1Z56W6vQVL.1","action":"SyncServerConnectionManagerRequest", "result":"SYNC_SERVER_OK", "context":"{"environment":"48F630A6-CB1B-4CC7-86AF-0F6627234B58|113", "server":"HK2PEPF000034AC"}"}
{"logTime": "1128/064154", "correlationVector":"f1k9SIqde+QL1Z56W6vQVL.2","action":"AAD.GetKeyResponse", "result":"Fail", "context":"Keys=0.LastKeyStatus=Empty.State=Pending.NewKey was pending"}
{"logTime": "1128/064154", "correlationVector":"f1k9SIqde+QL1Z56W6vQVL","action":"Initial GetUpdates", "result":""}
{"logTime": "1128/064154", "correlationVector":"f1k9SIqde+QL1Z56W6vQVL.3","action":"GetUpdates Response", "result":"SYNCER_OK"}
{"logTime": "1128/064154", "correlationVector":"In5iSEFuNk4rxma8MAiwgu","action":"Normal GetUpdate request", "result":""}
{"logTime": "1128/064154", "correlationVector":"In5iSEFuNk4rxma8MAiwgu.1","action":"SyncServerConnectionManagerRequest", "result":"SYNC_SERVER_OK", "context":"{"environment":"48F630A6-CB1B-4CC7-86AF-0F6627234B58|113", "server":"HK2PEPF000034AC"}"}
{"logTime": "1128/064154", "correlationVector":"In5iSEFuNk4rxma8MAiwgu.2","action":"AAD.GetKeyResponse", "result":"Fail", "context":"Keys=0.LastKeyStatus=Empty.State=Pending.NewKey was pending"}
{"logTime": "1128/064154", "correlationVector":"In5iSEFuNk4rxma8MAiwgu.3","action":"GetUpdates Response", "result":"SYNCER_OK"}
{"logTime": "1128/064154", "correlationVector":"TOGe0H2OJZAVBLWfIl1HgN","action":"AAD.AddCommitKey", "result":"Fail", "context":"Miss NewKey"}
{"logTime": "1128/064307", "correlationVector":"IqDcg4tBfOY0TiJuy5Yh6p","action":"Normal GetUpdate request", "result":""}
{"logTime": "1128/064307", "correlationVector":"IqDcg4tBfOY0TiJuy5Yh6p.1","action":"SyncServerConnectionManagerRequest", "result":"SYNC_SERVER_OK", "context":"{"environment":"48F630A6-CB1B-4CC7-86AF-0F6627234B58|113", "server":"HK2PEPF000034AC"}"}
{"logTime": "1128/064307", "correlationVector":"IqDcg4tBfOY0TiJuy5Yh6p.2","action":"AAD.GetKeyResponse", "result":"Fail", "context":"Keys=0.LastKeyStatus=Empty.State=Pending.NewKey was pending"}
{"logTime": "1128/064308", "correlationVector":"IqDcg4tBfOY0TiJuy5Yh6p.3","action":"GetUpdates Response", "result":"SYNCER_OK"}
{"logTime": "1128/070952", "correlationVector":"lhOmou/52J61qstkXQ4kIm.0","action":"FeedSettingFetch_homeCloud", "result":"0", "context":"{}"}
{"logTime": "1128/070952", "correlationVector":"IDFTKsMzacV2t5fwgj45Yk.1","action":"SyncServerConnectionManagerRequest", "result":"SYNC_SERVER_OK", "context":"{"environment":"48F630A6-CB1B-4CC7-86AF-0F6627234B58|113", "server":"HK2PEPF0000563E"}"}
{"logTime": "1128/070952", "correlationVector":"IDFTKsMzacV2t5fwgj45Yk.2","action":"AAD.GetKeyResponse", "result":"Fail", "context":"Keys=0.LastKeyStatus=Empty.State=Pending.NewKey was pending"}
{"logTime": "1128/070952", "correlationVector":"IDFTKsMzacV2t5fwgj45Yk","action":"Initial GetUpdates", "result":""}
{"logTime": "1128/070952", "correlationVector":"IDFTKsMzacV2t5fwgj45Yk.3","action":"GetUpdates Response", "result":"SYNCER_OK"}
{"logTime": "1128/070952", "correlationVector":"WtBzI47rgIjU0dKpsOoPuN","action":"Normal GetUpdate request", "result":""}
{"logTime": "1128/070952", "correlationVector":"WtBzI47rgIjU0dKpsOoPuN.1","action":"SyncServerConnectionManagerRequest", "result":"SYNC_SERVER_OK", "context":"{"environment":"48F630A6-CB1B-4CC7-86AF-0F6627234B58|113", "server":"HK2PEPF0000563E"}"}
{"logTime": "1128/070952", "correlationVector":"WtBzI47rgIjU0dKpsOoPuN.2","action":"AAD.GetKeyResponse", "result":"Fail", "context":"Keys=0.LastKeyStatus=Empty.State=Pending.NewKey was pending"}
{"logTime": "1128/070953", "correlationVector":"WtBzI47rgIjU0dKpsOoPuN.3","action":"GetUpdates Response", "result":"SYNCER_OK"}
{"logTime": "1128/070953", "correlationVector":"Ir6CDoDJFOafLv2fu37Ixq","action":"AAD.AddCommitKey", "result":"Fail", "context":"Miss NewKey"}
{"logTime": "1128/071012", "correlationVector":"7TotiXSamiKJeZjPEgyNmy","action":"Normal GetUpdate request", "result":""}
{"logTime": "1128/071013", "correlationVector":"7TotiXSamiKJeZjPEgyNmy.1","action":"SyncServerConnectionManagerRequest", "result":"SYNC_SERVER_OK", "context":"{"environment":"48F630A6-CB1B-4CC7-86AF-0F6627234B58|113", "server":"HK2PEPF0000563E"}"}
{"logTime": "1128/071013", "correlationVector":"7TotiXSamiKJeZjPEgyNmy.2","action":"AAD.GetKeyResponse", "result":"Fail", "context":"Keys=0.LastKeyStatus=Empty.State=Pending.NewKey was pending"}
{"logTime": "1128/071013", "correlationVector":"7TotiXSamiKJeZjPEgyNmy.3","action":"GetUpdates Response", "result":"SYNCER_OK"}
